<?xml version="1.0" encoding="UTF-8"?>
<!-- Generated by org.testng.reporters.JUnitXMLReporter -->
<testsuite ignored="0" hostname="Mouna" failures="1" tests="3" name="Error Validation Test" time="39.018" errors="0" timestamp="2024-03-19T10:22:13 IST">
  <testcase classname="shilpaamshettyacademy.tests.ErrorValidationsTest" name="loginErrorValidation" time="0.852">
    <skipped/>
  </testcase> <!-- loginErrorValidation -->
  <testcase classname="shilpaamshettyacademy.tests.ErrorValidationsTest" name="loginErrorValidation" time="0.535">
    <failure type="java.lang.AssertionError" message="expected [Incorrect email or password.] but found [Incorrect email r password.]">
      <![CDATA[java.lang.AssertionError: expected [Incorrect email or password.] but found [Incorrect email r password.]
at shilpaamshettyacademy.tests.ErrorValidationsTest.loginErrorValidation(ErrorValidationsTest.java:24)
at java.base/java.util.ArrayList.forEach(ArrayList.java:1511)
at java.base/java.util.concurrent.FutureTask.run(FutureTask.java:264)
at java.base/java.util.concurrent.ThreadPoolExecutor.runWorker(ThreadPoolExecutor.java:1136)
at java.base/java.util.concurrent.ThreadPoolExecutor$Worker.run(ThreadPoolExecutor.java:635)
at java.base/java.lang.Thread.run(Thread.java:833)
... Removed 23 stack frames]]>
    </failure>
  </testcase> <!-- loginErrorValidation -->
  <testcase classname="shilpaamshettyacademy.tests.ErrorValidationsTest" name="productErrorValidation" time="5.624"/>
</testsuite> <!-- Error Validation Test -->
