<?xml version="1.0" encoding="UTF-8"?>
<!-- Generated by org.testng.reporters.JUnitXMLReporter -->
<testsuite ignored="0" hostname="Mouna" failures="0" tests="3" name="Submit Order Test" time="44.611" errors="0" timestamp="2024-03-19T10:22:18 IST">
  <testcase classname="shilpaamshettyacademy.tests.SubmitOrderTest" name="submitOrder" time="10.061"/>
  <testcase classname="shilpaamshettyacademy.tests.SubmitOrderTest" name="submitOrder" time="5.869"/>
  <testcase classname="shilpaamshettyacademy.tests.SubmitOrderTest" name="orderHistoryTest" time="1.329"/>
</testsuite> <!-- Submit Order Test -->
